2019-08-14 00:08:16.463  INFO 1792 --- [main] com.life.demo.LifeApplication            : Starting LifeApplication on LAPTOP-6FJUIKD4 with PID 1792 (C:\Users\hac\IdeaProjects\life1\target\classes started by hac in C:\Users\hac\IdeaProjects\life1)
2019-08-14 00:08:16.479  INFO 1792 --- [main] com.life.demo.LifeApplication            : No active profile set, falling back to default profiles: default
2019-08-14 00:08:17.984  INFO 1792 --- [main] o.s.b.w.embedded.tomcat.TomcatWebServer  : Tomcat initialized with port(s): 8080 (http)
2019-08-14 00:08:18.016  INFO 1792 --- [main] o.apache.catalina.core.StandardService   : Starting service [Tomcat]
2019-08-14 00:08:18.016  INFO 1792 --- [main] org.apache.catalina.core.StandardEngine  : Starting Servlet engine: [Apache Tomcat/9.0.21]
2019-08-14 00:08:18.187  INFO 1792 --- [main] o.a.c.c.C.[Tomcat].[localhost].[/]       : Initializing Spring embedded WebApplicationContext
2019-08-14 00:08:18.187  INFO 1792 --- [main] o.s.web.context.ContextLoader            : Root WebApplicationContext: initialization completed in 1583 ms
2019-08-14 00:08:19.241  INFO 1792 --- [main] o.s.s.concurrent.ThreadPoolTaskExecutor  : Initializing ExecutorService 'applicationTaskExecutor'
2019-08-14 00:08:19.476  INFO 1792 --- [main] o.s.b.a.w.s.WelcomePageHandlerMapping    : Adding welcome page template: index
2019-08-14 00:08:19.710  INFO 1792 --- [main] o.s.b.w.embedded.tomcat.TomcatWebServer  : Tomcat started on port(s): 8080 (http) with context path ''
2019-08-14 00:08:19.710  INFO 1792 --- [main] com.life.demo.LifeApplication            : Started LifeApplication in 4.012 seconds (JVM running for 5.099)
2019-08-14 00:08:28.978  INFO 1792 --- [http-nio-8080-exec-1] o.apache.tomcat.util.http.parser.Cookie  : A cookie header was received [{0a4f73c0-1253-4c64-9458-c324cd663aa8}=value] that contained an invalid cookie. That cookie will be ignored.
 Note: further occurrences of this error will be logged at DEBUG level.
2019-08-14 00:08:28.994  INFO 1792 --- [http-nio-8080-exec-1] o.a.c.c.C.[Tomcat].[localhost].[/]       : Initializing Spring DispatcherServlet 'dispatcherServlet'
2019-08-14 00:08:28.994  INFO 1792 --- [http-nio-8080-exec-1] o.s.web.servlet.DispatcherServlet        : Initializing Servlet 'dispatcherServlet'
2019-08-14 00:08:28.994  INFO 1792 --- [http-nio-8080-exec-1] o.s.web.servlet.DispatcherServlet        : Completed initialization in 0 ms
2019-08-14 00:08:29.072  INFO 1792 --- [http-nio-8080-exec-1] com.zaxxer.hikari.HikariDataSource       : HikariPool-1 - Starting...
2019-08-14 00:08:29.260  INFO 1792 --- [http-nio-8080-exec-1] com.zaxxer.hikari.HikariDataSource       : HikariPool-1 - Start completed.
2019-08-14 00:08:29.275 DEBUG 1792 --- [http-nio-8080-exec-1] c.l.d.m.Q.countBySearch                  : ==>  Preparing: select count(*) from QUESTION 
2019-08-14 00:08:29.291 DEBUG 1792 --- [http-nio-8080-exec-1] c.l.d.m.Q.countBySearch                  : ==> Parameters: 
2019-08-14 00:08:29.306 DEBUG 1792 --- [http-nio-8080-exec-1] c.l.d.m.Q.countBySearch                  : <==      Total: 1
2019-08-14 00:08:29.306 DEBUG 1792 --- [http-nio-8080-exec-1] c.l.d.m.Q.selectBySearch                 : ==>  Preparing: select * from QUESTION order by gmt_create desc limit ?,? 
2019-08-14 00:08:29.322 DEBUG 1792 --- [http-nio-8080-exec-1] c.l.d.m.Q.selectBySearch                 : ==> Parameters: 0(Integer), 5(Integer)
2019-08-14 00:08:29.322 DEBUG 1792 --- [http-nio-8080-exec-1] c.l.d.m.Q.selectBySearch                 : <==      Total: 5
2019-08-14 00:08:29.322 DEBUG 1792 --- [http-nio-8080-exec-1] c.l.d.m.U.selectByPrimaryKey             : ==>  Preparing: select ID, ACCOUNT_ID, NAME, TOKEN, GMT_CREATE, GMT_MODIFIED, BIO, AVATAR_URL from USER where ID = ? 
2019-08-14 00:08:29.322 DEBUG 1792 --- [http-nio-8080-exec-1] c.l.d.m.U.selectByPrimaryKey             : ==> Parameters: 802(Long)
2019-08-14 00:08:29.322 DEBUG 1792 --- [http-nio-8080-exec-1] c.l.d.m.U.selectByPrimaryKey             : <==      Total: 1
2019-08-14 00:08:29.338 DEBUG 1792 --- [http-nio-8080-exec-1] c.l.d.m.U.selectByPrimaryKey             : ==>  Preparing: select ID, ACCOUNT_ID, NAME, TOKEN, GMT_CREATE, GMT_MODIFIED, BIO, AVATAR_URL from USER where ID = ? 
2019-08-14 00:08:29.338 DEBUG 1792 --- [http-nio-8080-exec-1] c.l.d.m.U.selectByPrimaryKey             : ==> Parameters: 770(Long)
2019-08-14 00:08:29.338 DEBUG 1792 --- [http-nio-8080-exec-1] c.l.d.m.U.selectByPrimaryKey             : <==      Total: 1
2019-08-14 00:08:29.338 DEBUG 1792 --- [http-nio-8080-exec-1] c.l.d.m.U.selectByPrimaryKey             : ==>  Preparing: select ID, ACCOUNT_ID, NAME, TOKEN, GMT_CREATE, GMT_MODIFIED, BIO, AVATAR_URL from USER where ID = ? 
2019-08-14 00:08:29.338 DEBUG 1792 --- [http-nio-8080-exec-1] c.l.d.m.U.selectByPrimaryKey             : ==> Parameters: 577(Long)
2019-08-14 00:08:29.338 DEBUG 1792 --- [http-nio-8080-exec-1] c.l.d.m.U.selectByPrimaryKey             : <==      Total: 1
2019-08-14 00:08:29.338 DEBUG 1792 --- [http-nio-8080-exec-1] c.l.d.m.U.selectByPrimaryKey             : ==>  Preparing: select ID, ACCOUNT_ID, NAME, TOKEN, GMT_CREATE, GMT_MODIFIED, BIO, AVATAR_URL from USER where ID = ? 
2019-08-14 00:08:29.338 DEBUG 1792 --- [http-nio-8080-exec-1] c.l.d.m.U.selectByPrimaryKey             : ==> Parameters: 770(Long)
2019-08-14 00:08:29.338 DEBUG 1792 --- [http-nio-8080-exec-1] c.l.d.m.U.selectByPrimaryKey             : <==      Total: 1
2019-08-14 00:08:29.338 DEBUG 1792 --- [http-nio-8080-exec-1] c.l.d.m.U.selectByPrimaryKey             : ==>  Preparing: select ID, ACCOUNT_ID, NAME, TOKEN, GMT_CREATE, GMT_MODIFIED, BIO, AVATAR_URL from USER where ID = ? 
2019-08-14 00:08:29.338 DEBUG 1792 --- [http-nio-8080-exec-1] c.l.d.m.U.selectByPrimaryKey             : ==> Parameters: 577(Long)
2019-08-14 00:08:29.338 DEBUG 1792 --- [http-nio-8080-exec-1] c.l.d.m.U.selectByPrimaryKey             : <==      Total: 1
2019-08-14 00:08:35.150 DEBUG 1792 --- [http-nio-8080-exec-5] c.l.d.m.UserModelMapper.selectByExample  : ==>  Preparing: select ID, ACCOUNT_ID, NAME, TOKEN, GMT_CREATE, GMT_MODIFIED, BIO, AVATAR_URL from USER WHERE ( ACCOUNT_ID = ? ) 
2019-08-14 00:08:35.150 DEBUG 1792 --- [http-nio-8080-exec-5] c.l.d.m.UserModelMapper.selectByExample  : ==> Parameters: 10636377(String)
2019-08-14 00:08:35.150 DEBUG 1792 --- [http-nio-8080-exec-5] c.l.d.m.UserModelMapper.selectByExample  : <==      Total: 1
2019-08-14 00:08:35.166 DEBUG 1792 --- [http-nio-8080-exec-5] c.l.d.m.U.updateByExampleSelective       : ==>  Preparing: update USER SET NAME = ?, TOKEN = ?, GMT_CREATE = ?, AVATAR_URL = ? WHERE ( ID = ? ) 
2019-08-14 00:08:35.166 DEBUG 1792 --- [http-nio-8080-exec-5] c.l.d.m.U.updateByExampleSelective       : ==> Parameters: 侏***9(String), 4d6c380b-6917-4927-94d0-58d284cfa07f(String), 1565712515150(Long), 0200e4be8fe7bd97e7baaae585ace59bad31323986a6(String), 770(Long)
2019-08-14 00:08:35.181 DEBUG 1792 --- [http-nio-8080-exec-5] c.l.d.m.U.updateByExampleSelective       : <==    Updates: 1
2019-08-14 00:08:35.275 DEBUG 1792 --- [http-nio-8080-exec-6] c.l.d.m.UserModelMapper.selectByExample  : ==>  Preparing: select ID, ACCOUNT_ID, NAME, TOKEN, GMT_CREATE, GMT_MODIFIED, BIO, AVATAR_URL from USER WHERE ( TOKEN = ? ) 
2019-08-14 00:08:35.275 DEBUG 1792 --- [http-nio-8080-exec-6] c.l.d.m.UserModelMapper.selectByExample  : ==> Parameters: 4d6c380b-6917-4927-94d0-58d284cfa07f(String)
2019-08-14 00:08:35.275 DEBUG 1792 --- [http-nio-8080-exec-6] c.l.d.m.UserModelMapper.selectByExample  : <==      Total: 1
2019-08-14 00:08:35.322 DEBUG 1792 --- [http-nio-8080-exec-6] c.l.d.m.N.countByExample                 : ==>  Preparing: select count(*) from NOTIFICATION WHERE ( RECEIVER = ? and STATUS = ? ) 
2019-08-14 00:08:35.322 DEBUG 1792 --- [http-nio-8080-exec-6] c.l.d.m.N.countByExample                 : ==> Parameters: 770(Long), 0(Integer)
2019-08-14 00:08:35.322 DEBUG 1792 --- [http-nio-8080-exec-6] c.l.d.m.N.countByExample                 : <==      Total: 1
2019-08-14 00:08:35.338 DEBUG 1792 --- [http-nio-8080-exec-6] c.l.d.m.Q.countBySearch                  : ==>  Preparing: select count(*) from QUESTION 
2019-08-14 00:08:35.338 DEBUG 1792 --- [http-nio-8080-exec-6] c.l.d.m.Q.countBySearch                  : ==> Parameters: 
2019-08-14 00:08:35.338 DEBUG 1792 --- [http-nio-8080-exec-6] c.l.d.m.Q.countBySearch                  : <==      Total: 1
2019-08-14 00:08:35.338 DEBUG 1792 --- [http-nio-8080-exec-6] c.l.d.m.Q.selectBySearch                 : ==>  Preparing: select * from QUESTION order by gmt_create desc limit ?,? 
2019-08-14 00:08:35.338 DEBUG 1792 --- [http-nio-8080-exec-6] c.l.d.m.Q.selectBySearch                 : ==> Parameters: 0(Integer), 5(Integer)
2019-08-14 00:08:35.338 DEBUG 1792 --- [http-nio-8080-exec-6] c.l.d.m.Q.selectBySearch                 : <==      Total: 5
2019-08-14 00:08:35.338 DEBUG 1792 --- [http-nio-8080-exec-6] c.l.d.m.U.selectByPrimaryKey             : ==>  Preparing: select ID, ACCOUNT_ID, NAME, TOKEN, GMT_CREATE, GMT_MODIFIED, BIO, AVATAR_URL from USER where ID = ? 
2019-08-14 00:08:35.338 DEBUG 1792 --- [http-nio-8080-exec-6] c.l.d.m.U.selectByPrimaryKey             : ==> Parameters: 802(Long)
2019-08-14 00:08:35.338 DEBUG 1792 --- [http-nio-8080-exec-6] c.l.d.m.U.selectByPrimaryKey             : <==      Total: 1
2019-08-14 00:08:35.338 DEBUG 1792 --- [http-nio-8080-exec-6] c.l.d.m.U.selectByPrimaryKey             : ==>  Preparing: select ID, ACCOUNT_ID, NAME, TOKEN, GMT_CREATE, GMT_MODIFIED, BIO, AVATAR_URL from USER where ID = ? 
2019-08-14 00:08:35.338 DEBUG 1792 --- [http-nio-8080-exec-6] c.l.d.m.U.selectByPrimaryKey             : ==> Parameters: 770(Long)
2019-08-14 00:08:35.338 DEBUG 1792 --- [http-nio-8080-exec-6] c.l.d.m.U.selectByPrimaryKey             : <==      Total: 1
2019-08-14 00:08:35.338 DEBUG 1792 --- [http-nio-8080-exec-6] c.l.d.m.U.selectByPrimaryKey             : ==>  Preparing: select ID, ACCOUNT_ID, NAME, TOKEN, GMT_CREATE, GMT_MODIFIED, BIO, AVATAR_URL from USER where ID = ? 
2019-08-14 00:08:35.353 DEBUG 1792 --- [http-nio-8080-exec-6] c.l.d.m.U.selectByPrimaryKey             : ==> Parameters: 577(Long)
2019-08-14 00:08:35.353 DEBUG 1792 --- [http-nio-8080-exec-6] c.l.d.m.U.selectByPrimaryKey             : <==      Total: 1
2019-08-14 00:08:35.353 DEBUG 1792 --- [http-nio-8080-exec-6] c.l.d.m.U.selectByPrimaryKey             : ==>  Preparing: select ID, ACCOUNT_ID, NAME, TOKEN, GMT_CREATE, GMT_MODIFIED, BIO, AVATAR_URL from USER where ID = ? 
2019-08-14 00:08:35.353 DEBUG 1792 --- [http-nio-8080-exec-6] c.l.d.m.U.selectByPrimaryKey             : ==> Parameters: 770(Long)
2019-08-14 00:08:35.353 DEBUG 1792 --- [http-nio-8080-exec-6] c.l.d.m.U.selectByPrimaryKey             : <==      Total: 1
2019-08-14 00:08:35.353 DEBUG 1792 --- [http-nio-8080-exec-6] c.l.d.m.U.selectByPrimaryKey             : ==>  Preparing: select ID, ACCOUNT_ID, NAME, TOKEN, GMT_CREATE, GMT_MODIFIED, BIO, AVATAR_URL from USER where ID = ? 
2019-08-14 00:08:35.353 DEBUG 1792 --- [http-nio-8080-exec-6] c.l.d.m.U.selectByPrimaryKey             : ==> Parameters: 577(Long)
2019-08-14 00:08:35.353 DEBUG 1792 --- [http-nio-8080-exec-6] c.l.d.m.U.selectByPrimaryKey             : <==      Total: 1
2019-08-14 00:08:35.572 DEBUG 1792 --- [http-nio-8080-exec-7] c.l.d.m.UserModelMapper.selectByExample  : ==>  Preparing: select ID, ACCOUNT_ID, NAME, TOKEN, GMT_CREATE, GMT_MODIFIED, BIO, AVATAR_URL from USER WHERE ( TOKEN = ? ) 
2019-08-14 00:08:35.572 DEBUG 1792 --- [http-nio-8080-exec-7] c.l.d.m.UserModelMapper.selectByExample  : ==> Parameters: 4d6c380b-6917-4927-94d0-58d284cfa07f(String)
2019-08-14 00:08:35.572 DEBUG 1792 --- [http-nio-8080-exec-7] c.l.d.m.UserModelMapper.selectByExample  : <==      Total: 1
2019-08-14 00:08:35.572 DEBUG 1792 --- [http-nio-8080-exec-7] c.l.d.m.N.countByExample                 : ==>  Preparing: select count(*) from NOTIFICATION WHERE ( RECEIVER = ? and STATUS = ? ) 
2019-08-14 00:08:35.572 DEBUG 1792 --- [http-nio-8080-exec-7] c.l.d.m.N.countByExample                 : ==> Parameters: 770(Long), 0(Integer)
2019-08-14 00:08:35.572 DEBUG 1792 --- [http-nio-8080-exec-7] c.l.d.m.N.countByExample                 : <==      Total: 1
2019-08-14 00:08:35.572 DEBUG 1792 --- [http-nio-8080-exec-7] c.l.d.m.UserModelMapper.selectByExample  : ==>  Preparing: select ID, ACCOUNT_ID, NAME, TOKEN, GMT_CREATE, GMT_MODIFIED, BIO, AVATAR_URL from USER WHERE ( TOKEN = ? ) 
2019-08-14 00:08:35.572 DEBUG 1792 --- [http-nio-8080-exec-7] c.l.d.m.UserModelMapper.selectByExample  : ==> Parameters: 4d6c380b-6917-4927-94d0-58d284cfa07f(String)
2019-08-14 00:08:35.572 DEBUG 1792 --- [http-nio-8080-exec-7] c.l.d.m.UserModelMapper.selectByExample  : <==      Total: 1
2019-08-14 00:08:35.572 DEBUG 1792 --- [http-nio-8080-exec-8] c.l.d.m.UserModelMapper.selectByExample  : ==>  Preparing: select ID, ACCOUNT_ID, NAME, TOKEN, GMT_CREATE, GMT_MODIFIED, BIO, AVATAR_URL from USER WHERE ( TOKEN = ? ) 
2019-08-14 00:08:35.572 DEBUG 1792 --- [http-nio-8080-exec-8] c.l.d.m.UserModelMapper.selectByExample  : ==> Parameters: 4d6c380b-6917-4927-94d0-58d284cfa07f(String)
2019-08-14 00:08:35.572 DEBUG 1792 --- [http-nio-8080-exec-7] c.l.d.m.N.countByExample                 : ==>  Preparing: select count(*) from NOTIFICATION WHERE ( RECEIVER = ? and STATUS = ? ) 
2019-08-14 00:08:35.572 DEBUG 1792 --- [http-nio-8080-exec-8] c.l.d.m.UserModelMapper.selectByExample  : <==      Total: 1
2019-08-14 00:08:35.572 DEBUG 1792 --- [http-nio-8080-exec-7] c.l.d.m.N.countByExample                 : ==> Parameters: 770(Long), 0(Integer)
2019-08-14 00:08:35.572 DEBUG 1792 --- [http-nio-8080-exec-8] c.l.d.m.N.countByExample                 : ==>  Preparing: select count(*) from NOTIFICATION WHERE ( RECEIVER = ? and STATUS = ? ) 
2019-08-14 00:08:35.572 DEBUG 1792 --- [http-nio-8080-exec-7] c.l.d.m.N.countByExample                 : <==      Total: 1
2019-08-14 00:08:35.588 DEBUG 1792 --- [http-nio-8080-exec-8] c.l.d.m.N.countByExample                 : ==> Parameters: 770(Long), 0(Integer)
2019-08-14 00:08:35.588 DEBUG 1792 --- [http-nio-8080-exec-8] c.l.d.m.N.countByExample                 : <==      Total: 1
2019-08-14 00:08:35.588 DEBUG 1792 --- [http-nio-8080-exec-8] c.l.d.m.UserModelMapper.selectByExample  : ==>  Preparing: select ID, ACCOUNT_ID, NAME, TOKEN, GMT_CREATE, GMT_MODIFIED, BIO, AVATAR_URL from USER WHERE ( TOKEN = ? ) 
2019-08-14 00:08:35.588 DEBUG 1792 --- [http-nio-8080-exec-8] c.l.d.m.UserModelMapper.selectByExample  : ==> Parameters: 4d6c380b-6917-4927-94d0-58d284cfa07f(String)
2019-08-14 00:08:35.588 DEBUG 1792 --- [http-nio-8080-exec-8] c.l.d.m.UserModelMapper.selectByExample  : <==      Total: 1
2019-08-14 00:08:35.588 DEBUG 1792 --- [http-nio-8080-exec-8] c.l.d.m.N.countByExample                 : ==>  Preparing: select count(*) from NOTIFICATION WHERE ( RECEIVER = ? and STATUS = ? ) 
2019-08-14 00:08:35.588 DEBUG 1792 --- [http-nio-8080-exec-8] c.l.d.m.N.countByExample                 : ==> Parameters: 770(Long), 0(Integer)
2019-08-14 00:08:35.588 DEBUG 1792 --- [http-nio-8080-exec-8] c.l.d.m.N.countByExample                 : <==      Total: 1
2019-08-14 00:08:44.260 DEBUG 1792 --- [http-nio-8080-exec-10] c.l.d.m.UserModelMapper.selectByExample  : ==>  Preparing: select ID, ACCOUNT_ID, NAME, TOKEN, GMT_CREATE, GMT_MODIFIED, BIO, AVATAR_URL from USER WHERE ( TOKEN = ? ) 
2019-08-14 00:08:44.260 DEBUG 1792 --- [http-nio-8080-exec-10] c.l.d.m.UserModelMapper.selectByExample  : ==> Parameters: 4d6c380b-6917-4927-94d0-58d284cfa07f(String)
2019-08-14 00:08:44.260 DEBUG 1792 --- [http-nio-8080-exec-10] c.l.d.m.UserModelMapper.selectByExample  : <==      Total: 1
2019-08-14 00:08:44.260 DEBUG 1792 --- [http-nio-8080-exec-10] c.l.d.m.N.countByExample                 : ==>  Preparing: select count(*) from NOTIFICATION WHERE ( RECEIVER = ? and STATUS = ? ) 
2019-08-14 00:08:44.260 DEBUG 1792 --- [http-nio-8080-exec-10] c.l.d.m.N.countByExample                 : ==> Parameters: 770(Long), 0(Integer)
2019-08-14 00:08:44.260 DEBUG 1792 --- [http-nio-8080-exec-10] c.l.d.m.N.countByExample                 : <==      Total: 1
2019-08-14 00:08:44.385 DEBUG 1792 --- [http-nio-8080-exec-9] c.l.d.m.UserModelMapper.selectByExample  : ==>  Preparing: select ID, ACCOUNT_ID, NAME, TOKEN, GMT_CREATE, GMT_MODIFIED, BIO, AVATAR_URL from USER WHERE ( TOKEN = ? ) 
2019-08-14 00:08:44.385 DEBUG 1792 --- [http-nio-8080-exec-9] c.l.d.m.UserModelMapper.selectByExample  : ==> Parameters: 4d6c380b-6917-4927-94d0-58d284cfa07f(String)
2019-08-14 00:08:44.401 DEBUG 1792 --- [http-nio-8080-exec-9] c.l.d.m.UserModelMapper.selectByExample  : <==      Total: 1
2019-08-14 00:08:44.401 DEBUG 1792 --- [http-nio-8080-exec-9] c.l.d.m.N.countByExample                 : ==>  Preparing: select count(*) from NOTIFICATION WHERE ( RECEIVER = ? and STATUS = ? ) 
2019-08-14 00:08:44.401 DEBUG 1792 --- [http-nio-8080-exec-9] c.l.d.m.N.countByExample                 : ==> Parameters: 770(Long), 0(Integer)
2019-08-14 00:08:44.401 DEBUG 1792 --- [http-nio-8080-exec-9] c.l.d.m.N.countByExample                 : <==      Total: 1
2019-08-14 00:08:44.448 DEBUG 1792 --- [http-nio-8080-exec-1] c.l.d.m.UserModelMapper.selectByExample  : ==>  Preparing: select ID, ACCOUNT_ID, NAME, TOKEN, GMT_CREATE, GMT_MODIFIED, BIO, AVATAR_URL from USER WHERE ( TOKEN = ? ) 
2019-08-14 00:08:44.448 DEBUG 1792 --- [http-nio-8080-exec-1] c.l.d.m.UserModelMapper.selectByExample  : ==> Parameters: 4d6c380b-6917-4927-94d0-58d284cfa07f(String)
2019-08-14 00:08:44.448 DEBUG 1792 --- [http-nio-8080-exec-1] c.l.d.m.UserModelMapper.selectByExample  : <==      Total: 1
2019-08-14 00:08:44.448 DEBUG 1792 --- [http-nio-8080-exec-1] c.l.d.m.N.countByExample                 : ==>  Preparing: select count(*) from NOTIFICATION WHERE ( RECEIVER = ? and STATUS = ? ) 
2019-08-14 00:08:44.448 DEBUG 1792 --- [http-nio-8080-exec-1] c.l.d.m.N.countByExample                 : ==> Parameters: 770(Long), 0(Integer)
2019-08-14 00:08:44.448 DEBUG 1792 --- [http-nio-8080-exec-1] c.l.d.m.N.countByExample                 : <==      Total: 1
2019-08-14 00:08:44.448 DEBUG 1792 --- [http-nio-8080-exec-1] c.l.d.m.UserModelMapper.selectByExample  : ==>  Preparing: select ID, ACCOUNT_ID, NAME, TOKEN, GMT_CREATE, GMT_MODIFIED, BIO, AVATAR_URL from USER WHERE ( TOKEN = ? ) 
2019-08-14 00:08:44.448 DEBUG 1792 --- [http-nio-8080-exec-1] c.l.d.m.UserModelMapper.selectByExample  : ==> Parameters: 4d6c380b-6917-4927-94d0-58d284cfa07f(String)
2019-08-14 00:08:44.448 DEBUG 1792 --- [http-nio-8080-exec-1] c.l.d.m.UserModelMapper.selectByExample  : <==      Total: 1
2019-08-14 00:08:44.448 DEBUG 1792 --- [http-nio-8080-exec-1] c.l.d.m.N.countByExample                 : ==>  Preparing: select count(*) from NOTIFICATION WHERE ( RECEIVER = ? and STATUS = ? ) 
2019-08-14 00:08:44.448 DEBUG 1792 --- [http-nio-8080-exec-1] c.l.d.m.N.countByExample                 : ==> Parameters: 770(Long), 0(Integer)
2019-08-14 00:08:44.448 DEBUG 1792 --- [http-nio-8080-exec-1] c.l.d.m.N.countByExample                 : <==      Total: 1
2019-08-14 00:08:44.619 DEBUG 1792 --- [http-nio-8080-exec-3] c.l.d.m.UserModelMapper.selectByExample  : ==>  Preparing: select ID, ACCOUNT_ID, NAME, TOKEN, GMT_CREATE, GMT_MODIFIED, BIO, AVATAR_URL from USER WHERE ( TOKEN = ? ) 
2019-08-14 00:08:44.619 DEBUG 1792 --- [http-nio-8080-exec-3] c.l.d.m.UserModelMapper.selectByExample  : ==> Parameters: 4d6c380b-6917-4927-94d0-58d284cfa07f(String)
2019-08-14 00:08:44.619 DEBUG 1792 --- [http-nio-8080-exec-3] c.l.d.m.UserModelMapper.selectByExample  : <==      Total: 1
2019-08-14 00:08:44.619 DEBUG 1792 --- [http-nio-8080-exec-3] c.l.d.m.N.countByExample                 : ==>  Preparing: select count(*) from NOTIFICATION WHERE ( RECEIVER = ? and STATUS = ? ) 
2019-08-14 00:08:44.619 DEBUG 1792 --- [http-nio-8080-exec-3] c.l.d.m.N.countByExample                 : ==> Parameters: 770(Long), 0(Integer)
2019-08-14 00:08:44.619 DEBUG 1792 --- [http-nio-8080-exec-3] c.l.d.m.N.countByExample                 : <==      Total: 1
2019-08-14 00:08:56.448 DEBUG 1792 --- [http-nio-8080-exec-4] c.l.d.m.UserModelMapper.selectByExample  : ==>  Preparing: select ID, ACCOUNT_ID, NAME, TOKEN, GMT_CREATE, GMT_MODIFIED, BIO, AVATAR_URL from USER WHERE ( TOKEN = ? ) 
2019-08-14 00:08:56.448 DEBUG 1792 --- [http-nio-8080-exec-4] c.l.d.m.UserModelMapper.selectByExample  : ==> Parameters: 4d6c380b-6917-4927-94d0-58d284cfa07f(String)
2019-08-14 00:08:56.448 DEBUG 1792 --- [http-nio-8080-exec-4] c.l.d.m.UserModelMapper.selectByExample  : <==      Total: 1
2019-08-14 00:08:56.448 DEBUG 1792 --- [http-nio-8080-exec-4] c.l.d.m.N.countByExample                 : ==>  Preparing: select count(*) from NOTIFICATION WHERE ( RECEIVER = ? and STATUS = ? ) 
2019-08-14 00:08:56.448 DEBUG 1792 --- [http-nio-8080-exec-4] c.l.d.m.N.countByExample                 : ==> Parameters: 770(Long), 0(Integer)
2019-08-14 00:08:56.448 DEBUG 1792 --- [http-nio-8080-exec-4] c.l.d.m.N.countByExample                 : <==      Total: 1
2019-08-14 00:08:56.448 DEBUG 1792 --- [http-nio-8080-exec-4] c.l.d.mapper.QuestionModelMapper.insert  : ==>  Preparing: insert into QUESTION (ID, TITLE, GMT_CREATE, GMT_MODIFIED, CREATOR, COMMENT_COUNT, VIEW_COUNT, LIKE_COUNT, TAG, DESCRIPTION) values (?, ?, ?, ?, ?, ?, ?, ?, ?, ?) 
2019-08-14 00:08:56.448 DEBUG 1792 --- [http-nio-8080-exec-4] c.l.d.mapper.QuestionModelMapper.insert  : ==> Parameters: null, 1(String), 1565712536448(Long), 1565712536448(Long), 770(Long), 0(Integer), 0(Integer), 0(Integer), 亲(String), java.io.StringReader@1a727139(StringReader)
2019-08-14 00:08:56.448 DEBUG 1792 --- [http-nio-8080-exec-4] c.l.d.mapper.QuestionModelMapper.insert  : <==    Updates: 1
2019-08-14 00:08:56.464 DEBUG 1792 --- [http-nio-8080-exec-5] c.l.d.m.UserModelMapper.selectByExample  : ==>  Preparing: select ID, ACCOUNT_ID, NAME, TOKEN, GMT_CREATE, GMT_MODIFIED, BIO, AVATAR_URL from USER WHERE ( TOKEN = ? ) 
2019-08-14 00:08:56.464 DEBUG 1792 --- [http-nio-8080-exec-5] c.l.d.m.UserModelMapper.selectByExample  : ==> Parameters: 4d6c380b-6917-4927-94d0-58d284cfa07f(String)
2019-08-14 00:08:56.464 DEBUG 1792 --- [http-nio-8080-exec-5] c.l.d.m.UserModelMapper.selectByExample  : <==      Total: 1
2019-08-14 00:08:56.464 DEBUG 1792 --- [http-nio-8080-exec-5] c.l.d.m.N.countByExample                 : ==>  Preparing: select count(*) from NOTIFICATION WHERE ( RECEIVER = ? and STATUS = ? ) 
2019-08-14 00:08:56.464 DEBUG 1792 --- [http-nio-8080-exec-5] c.l.d.m.N.countByExample                 : ==> Parameters: 770(Long), 0(Integer)
2019-08-14 00:08:56.464 DEBUG 1792 --- [http-nio-8080-exec-5] c.l.d.m.N.countByExample                 : <==      Total: 1
2019-08-14 00:08:56.464 DEBUG 1792 --- [http-nio-8080-exec-5] c.l.d.m.Q.countBySearch                  : ==>  Preparing: select count(*) from QUESTION 
2019-08-14 00:08:56.464 DEBUG 1792 --- [http-nio-8080-exec-5] c.l.d.m.Q.countBySearch                  : ==> Parameters: 
2019-08-14 00:08:56.480 DEBUG 1792 --- [http-nio-8080-exec-5] c.l.d.m.Q.countBySearch                  : <==      Total: 1
2019-08-14 00:08:56.480 DEBUG 1792 --- [http-nio-8080-exec-5] c.l.d.m.Q.selectBySearch                 : ==>  Preparing: select * from QUESTION order by gmt_create desc limit ?,? 
2019-08-14 00:08:56.480 DEBUG 1792 --- [http-nio-8080-exec-5] c.l.d.m.Q.selectBySearch                 : ==> Parameters: 0(Integer), 5(Integer)
2019-08-14 00:08:56.480 DEBUG 1792 --- [http-nio-8080-exec-5] c.l.d.m.Q.selectBySearch                 : <==      Total: 5
2019-08-14 00:08:56.480 DEBUG 1792 --- [http-nio-8080-exec-5] c.l.d.m.U.selectByPrimaryKey             : ==>  Preparing: select ID, ACCOUNT_ID, NAME, TOKEN, GMT_CREATE, GMT_MODIFIED, BIO, AVATAR_URL from USER where ID = ? 
2019-08-14 00:08:56.480 DEBUG 1792 --- [http-nio-8080-exec-5] c.l.d.m.U.selectByPrimaryKey             : ==> Parameters: 770(Long)
2019-08-14 00:08:56.480 DEBUG 1792 --- [http-nio-8080-exec-5] c.l.d.m.U.selectByPrimaryKey             : <==      Total: 1
2019-08-14 00:08:56.480 DEBUG 1792 --- [http-nio-8080-exec-5] c.l.d.m.U.selectByPrimaryKey             : ==>  Preparing: select ID, ACCOUNT_ID, NAME, TOKEN, GMT_CREATE, GMT_MODIFIED, BIO, AVATAR_URL from USER where ID = ? 
2019-08-14 00:08:56.480 DEBUG 1792 --- [http-nio-8080-exec-5] c.l.d.m.U.selectByPrimaryKey             : ==> Parameters: 802(Long)
2019-08-14 00:08:56.480 DEBUG 1792 --- [http-nio-8080-exec-5] c.l.d.m.U.selectByPrimaryKey             : <==      Total: 1
2019-08-14 00:08:56.480 DEBUG 1792 --- [http-nio-8080-exec-5] c.l.d.m.U.selectByPrimaryKey             : ==>  Preparing: select ID, ACCOUNT_ID, NAME, TOKEN, GMT_CREATE, GMT_MODIFIED, BIO, AVATAR_URL from USER where ID = ? 
2019-08-14 00:08:56.480 DEBUG 1792 --- [http-nio-8080-exec-5] c.l.d.m.U.selectByPrimaryKey             : ==> Parameters: 770(Long)
2019-08-14 00:08:56.480 DEBUG 1792 --- [http-nio-8080-exec-5] c.l.d.m.U.selectByPrimaryKey             : <==      Total: 1
2019-08-14 00:08:56.480 DEBUG 1792 --- [http-nio-8080-exec-5] c.l.d.m.U.selectByPrimaryKey             : ==>  Preparing: select ID, ACCOUNT_ID, NAME, TOKEN, GMT_CREATE, GMT_MODIFIED, BIO, AVATAR_URL from USER where ID = ? 
2019-08-14 00:08:56.480 DEBUG 1792 --- [http-nio-8080-exec-5] c.l.d.m.U.selectByPrimaryKey             : ==> Parameters: 577(Long)
2019-08-14 00:08:56.480 DEBUG 1792 --- [http-nio-8080-exec-5] c.l.d.m.U.selectByPrimaryKey             : <==      Total: 1
2019-08-14 00:08:56.480 DEBUG 1792 --- [http-nio-8080-exec-5] c.l.d.m.U.selectByPrimaryKey             : ==>  Preparing: select ID, ACCOUNT_ID, NAME, TOKEN, GMT_CREATE, GMT_MODIFIED, BIO, AVATAR_URL from USER where ID = ? 
2019-08-14 00:08:56.480 DEBUG 1792 --- [http-nio-8080-exec-5] c.l.d.m.U.selectByPrimaryKey             : ==> Parameters: 770(Long)
2019-08-14 00:08:56.480 DEBUG 1792 --- [http-nio-8080-exec-5] c.l.d.m.U.selectByPrimaryKey             : <==      Total: 1
2019-08-14 00:08:56.636 DEBUG 1792 --- [http-nio-8080-exec-6] c.l.d.m.UserModelMapper.selectByExample  : ==>  Preparing: select ID, ACCOUNT_ID, NAME, TOKEN, GMT_CREATE, GMT_MODIFIED, BIO, AVATAR_URL from USER WHERE ( TOKEN = ? ) 
2019-08-14 00:08:56.636 DEBUG 1792 --- [http-nio-8080-exec-6] c.l.d.m.UserModelMapper.selectByExample  : ==> Parameters: 4d6c380b-6917-4927-94d0-58d284cfa07f(String)
2019-08-14 00:08:56.636 DEBUG 1792 --- [http-nio-8080-exec-6] c.l.d.m.UserModelMapper.selectByExample  : <==      Total: 1
2019-08-14 00:08:56.636 DEBUG 1792 --- [http-nio-8080-exec-6] c.l.d.m.N.countByExample                 : ==>  Preparing: select count(*) from NOTIFICATION WHERE ( RECEIVER = ? and STATUS = ? ) 
2019-08-14 00:08:56.636 DEBUG 1792 --- [http-nio-8080-exec-6] c.l.d.m.N.countByExample                 : ==> Parameters: 770(Long), 0(Integer)
2019-08-14 00:08:56.636 DEBUG 1792 --- [http-nio-8080-exec-6] c.l.d.m.N.countByExample                 : <==      Total: 1
2019-08-14 00:08:56.636 DEBUG 1792 --- [http-nio-8080-exec-6] c.l.d.m.UserModelMapper.selectByExample  : ==>  Preparing: select ID, ACCOUNT_ID, NAME, TOKEN, GMT_CREATE, GMT_MODIFIED, BIO, AVATAR_URL from USER WHERE ( TOKEN = ? ) 
2019-08-14 00:08:56.636 DEBUG 1792 --- [http-nio-8080-exec-6] c.l.d.m.UserModelMapper.selectByExample  : ==> Parameters: 4d6c380b-6917-4927-94d0-58d284cfa07f(String)
2019-08-14 00:08:56.636 DEBUG 1792 --- [http-nio-8080-exec-6] c.l.d.m.UserModelMapper.selectByExample  : <==      Total: 1
2019-08-14 00:08:56.636 DEBUG 1792 --- [http-nio-8080-exec-6] c.l.d.m.N.countByExample                 : ==>  Preparing: select count(*) from NOTIFICATION WHERE ( RECEIVER = ? and STATUS = ? ) 
2019-08-14 00:08:56.636 DEBUG 1792 --- [http-nio-8080-exec-6] c.l.d.m.N.countByExample                 : ==> Parameters: 770(Long), 0(Integer)
2019-08-14 00:08:56.636 DEBUG 1792 --- [http-nio-8080-exec-6] c.l.d.m.N.countByExample                 : <==      Total: 1
2019-08-14 00:08:56.667 DEBUG 1792 --- [http-nio-8080-exec-7] c.l.d.m.UserModelMapper.selectByExample  : ==>  Preparing: select ID, ACCOUNT_ID, NAME, TOKEN, GMT_CREATE, GMT_MODIFIED, BIO, AVATAR_URL from USER WHERE ( TOKEN = ? ) 
2019-08-14 00:08:56.667 DEBUG 1792 --- [http-nio-8080-exec-7] c.l.d.m.UserModelMapper.selectByExample  : ==> Parameters: 4d6c380b-6917-4927-94d0-58d284cfa07f(String)
2019-08-14 00:08:56.667 DEBUG 1792 --- [http-nio-8080-exec-7] c.l.d.m.UserModelMapper.selectByExample  : <==      Total: 1
2019-08-14 00:08:56.667 DEBUG 1792 --- [http-nio-8080-exec-7] c.l.d.m.N.countByExample                 : ==>  Preparing: select count(*) from NOTIFICATION WHERE ( RECEIVER = ? and STATUS = ? ) 
2019-08-14 00:08:56.667 DEBUG 1792 --- [http-nio-8080-exec-7] c.l.d.m.N.countByExample                 : ==> Parameters: 770(Long), 0(Integer)
2019-08-14 00:08:56.667 DEBUG 1792 --- [http-nio-8080-exec-7] c.l.d.m.N.countByExample                 : <==      Total: 1
2019-08-14 00:08:56.667 DEBUG 1792 --- [http-nio-8080-exec-7] c.l.d.m.UserModelMapper.selectByExample  : ==>  Preparing: select ID, ACCOUNT_ID, NAME, TOKEN, GMT_CREATE, GMT_MODIFIED, BIO, AVATAR_URL from USER WHERE ( TOKEN = ? ) 
2019-08-14 00:08:56.667 DEBUG 1792 --- [http-nio-8080-exec-7] c.l.d.m.UserModelMapper.selectByExample  : ==> Parameters: 4d6c380b-6917-4927-94d0-58d284cfa07f(String)
2019-08-14 00:08:56.667 DEBUG 1792 --- [http-nio-8080-exec-7] c.l.d.m.UserModelMapper.selectByExample  : <==      Total: 1
2019-08-14 00:08:56.667 DEBUG 1792 --- [http-nio-8080-exec-7] c.l.d.m.N.countByExample                 : ==>  Preparing: select count(*) from NOTIFICATION WHERE ( RECEIVER = ? and STATUS = ? ) 
2019-08-14 00:08:56.667 DEBUG 1792 --- [http-nio-8080-exec-7] c.l.d.m.N.countByExample                 : ==> Parameters: 770(Long), 0(Integer)
2019-08-14 00:08:56.667 DEBUG 1792 --- [http-nio-8080-exec-7] c.l.d.m.N.countByExample                 : <==      Total: 1
2019-08-14 00:09:04.464 DEBUG 1792 --- [http-nio-8080-exec-8] c.l.d.m.UserModelMapper.selectByExample  : ==>  Preparing: select ID, ACCOUNT_ID, NAME, TOKEN, GMT_CREATE, GMT_MODIFIED, BIO, AVATAR_URL from USER WHERE ( TOKEN = ? ) 
2019-08-14 00:09:04.464 DEBUG 1792 --- [http-nio-8080-exec-8] c.l.d.m.UserModelMapper.selectByExample  : ==> Parameters: 4d6c380b-6917-4927-94d0-58d284cfa07f(String)
2019-08-14 00:09:04.464 DEBUG 1792 --- [http-nio-8080-exec-8] c.l.d.m.UserModelMapper.selectByExample  : <==      Total: 1
2019-08-14 00:09:04.480 DEBUG 1792 --- [http-nio-8080-exec-8] c.l.d.m.N.countByExample                 : ==>  Preparing: select count(*) from NOTIFICATION WHERE ( RECEIVER = ? and STATUS = ? ) 
2019-08-14 00:09:04.480 DEBUG 1792 --- [http-nio-8080-exec-8] c.l.d.m.N.countByExample                 : ==> Parameters: 770(Long), 0(Integer)
2019-08-14 00:09:04.480 DEBUG 1792 --- [http-nio-8080-exec-8] c.l.d.m.N.countByExample                 : <==      Total: 1
